{"contracts\\core\\IroyAttestationManager.sol":{"l":{"47":0,"63":0,"65":0,"66":0,"67":0,"68":0,"76":0,"77":0,"91":0,"92":0,"96":0,"100":0,"102":0,"115":0},"path":"C:\\Users\\vilan\\Desktop\\Iroy\\contracts\\core\\IroyAttestationManager.sol","s":{"1":0,"2":0,"3":0,"4":0,"5":0,"6":0,"7":0,"8":0},"b":{"1":[0,0],"2":[0,0],"3":[0,0]},"f":{"1":0,"2":0,"3":0,"4":0,"5":0},"fnMap":{"1":{"name":"constructor","line":46,"loc":{"start":{"line":46,"column":4},"end":{"line":48,"column":4}}},"2":{"name":"initialize","line":62,"loc":{"start":{"line":57,"column":4},"end":{"line":69,"column":4}}},"3":{"name":"setIPAttestationSchema","line":75,"loc":{"start":{"line":75,"column":4},"end":{"line":78,"column":4}}},"4":{"name":"createIPAttestation","line":86,"loc":{"start":{"line":86,"column":4},"end":{"line":103,"column":4}}},"5":{"name":"getIPAttestations","line":110,"loc":{"start":{"line":110,"column":4},"end":{"line":116,"column":4}}}},"statementMap":{"1":{"start":{"line":47,"column":8},"end":{"line":47,"column":29}},"2":{"start":{"line":63,"column":8},"end":{"line":63,"column":23}},"3":{"start":{"line":77,"column":8},"end":{"line":77,"column":40}},"4":{"start":{"line":91,"column":8},"end":{"line":91,"column":75}},"5":{"start":{"line":92,"column":8},"end":{"line":92,"column":58}},"6":{"start":{"line":100,"column":8},"end":{"line":100,"column":53}},"7":{"start":{"line":102,"column":8},"end":{"line":102,"column":70}},"8":{"start":{"line":115,"column":8},"end":{"line":115,"column":40}}},"branchMap":{"1":{"line":62,"type":"if","locations":[{"start":{"line":62,"column":13},"end":{"line":62,"column":13}},{"start":{"line":62,"column":13},"end":{"line":62,"column":13}}]},"2":{"line":75,"type":"if","locations":[{"start":{"line":75,"column":64},"end":{"line":75,"column":64}},{"start":{"line":75,"column":64},"end":{"line":75,"column":64}}]},"3":{"line":92,"type":"if","locations":[{"start":{"line":92,"column":8},"end":{"line":92,"column":8}},{"start":{"line":92,"column":8},"end":{"line":92,"column":8}}]}}},"contracts\\core\\IroyAuditEngine.sol":{"l":{"65":5,"66":1,"68":4,"72":1,"73":0,"75":1,"79":4,"80":1,"82":3,"94":12,"95":12,"96":12,"119":3,"120":3,"121":0,"125":3,"126":1,"130":2,"131":2,"132":0,"136":2,"137":2,"139":2,"150":2,"151":2,"153":2,"165":0,"166":0,"178":0,"179":0,"191":12,"192":12,"206":1,"219":0,"232":0,"245":1,"247":1,"248":1,"249":1,"253":0,"266":0,"267":0,"268":0,"270":0,"278":0},"path":"C:\\Users\\vilan\\Desktop\\Iroy\\contracts\\core\\IroyAuditEngine.sol","s":{"1":5,"2":1,"3":4,"4":3,"5":3,"6":3,"7":2,"8":2,"9":2,"10":2,"11":2,"12":0,"13":0,"14":12,"15":1,"16":0,"17":0,"18":1,"19":1,"20":1,"21":1,"22":0,"23":0,"24":0,"25":0,"26":0,"27":0},"b":{"1":[1,4],"2":[0,1],"3":[0,0],"4":[1,3],"5":[4,1],"6":[4,0],"7":[3,1],"8":[0,3],"9":[1,2],"10":[0,2],"11":[0,0],"12":[0,0],"13":[0,0],"14":[0,0],"15":[12,0],"16":[1,0],"17":[1,0],"18":[0,0]},"f":{"1":5,"2":1,"3":4,"4":12,"5":3,"6":0,"7":0,"8":12,"9":1,"10":0,"11":0,"12":1,"13":0,"14":0},"fnMap":{"1":{"name":"onlyAuthorizedProvider","line":64,"loc":{"start":{"line":64,"column":4},"end":{"line":69,"column":4}}},"2":{"name":"validAuditId","line":71,"loc":{"start":{"line":71,"column":4},"end":{"line":76,"column":4}}},"3":{"name":"validSimilarityScore","line":78,"loc":{"start":{"line":78,"column":4},"end":{"line":83,"column":4}}},"4":{"name":"constructor","line":90,"loc":{"start":{"line":90,"column":4},"end":{"line":97,"column":4}}},"5":{"name":"createAuditReport","line":115,"loc":{"start":{"line":108,"column":4},"end":{"line":154,"column":4}}},"6":{"name":"updateAuditStatus","line":164,"loc":{"start":{"line":161,"column":4},"end":{"line":167,"column":4}}},"7":{"name":"setSimilarityThreshold","line":176,"loc":{"start":{"line":173,"column":4},"end":{"line":180,"column":4}}},"8":{"name":"setProviderAuthorization","line":190,"loc":{"start":{"line":187,"column":4},"end":{"line":193,"column":4}}},"9":{"name":"getAuditReport","line":203,"loc":{"start":{"line":200,"column":4},"end":{"line":207,"column":4}}},"10":{"name":"getAuditsByIPAsset","line":214,"loc":{"start":{"line":214,"column":4},"end":{"line":220,"column":4}}},"11":{"name":"getAuditsByAuditor","line":227,"loc":{"start":{"line":227,"column":4},"end":{"line":233,"column":4}}},"12":{"name":"hasHighSimilarity","line":240,"loc":{"start":{"line":240,"column":4},"end":{"line":254,"column":4}}},"13":{"name":"getLatestAudit","line":261,"loc":{"start":{"line":261,"column":4},"end":{"line":271,"column":4}}},"14":{"name":"getTotalAuditReports","line":277,"loc":{"start":{"line":277,"column":4},"end":{"line":279,"column":4}}}},"statementMap":{"1":{"start":{"line":65,"column":8},"end":{"line":65,"column":2019}},"2":{"start":{"line":72,"column":8},"end":{"line":72,"column":2223}},"3":{"start":{"line":79,"column":8},"end":{"line":79,"column":2418}},"4":{"start":{"line":119,"column":8},"end":{"line":119,"column":75}},"5":{"start":{"line":120,"column":8},"end":{"line":120,"column":3882}},"6":{"start":{"line":125,"column":8},"end":{"line":125,"column":4026}},"7":{"start":{"line":130,"column":8},"end":{"line":130,"column":4206}},"8":{"start":{"line":131,"column":12},"end":{"line":131,"column":4279}},"9":{"start":{"line":150,"column":8},"end":{"line":150,"column":48}},"10":{"start":{"line":151,"column":8},"end":{"line":151,"column":50}},"11":{"start":{"line":153,"column":8},"end":{"line":153,"column":80}},"12":{"start":{"line":166,"column":8},"end":{"line":166,"column":51}},"13":{"start":{"line":179,"column":8},"end":{"line":179,"column":53}},"14":{"start":{"line":192,"column":8},"end":{"line":192,"column":53}},"15":{"start":{"line":206,"column":8},"end":{"line":206,"column":37}},"16":{"start":{"line":219,"column":8},"end":{"line":219,"column":42}},"17":{"start":{"line":232,"column":8},"end":{"line":232,"column":41}},"18":{"start":{"line":245,"column":8},"end":{"line":245,"column":63}},"19":{"start":{"line":247,"column":8},"end":{"line":247,"column":7757}},"20":{"start":{"line":248,"column":12},"end":{"line":248,"column":7822}},"21":{"start":{"line":249,"column":16},"end":{"line":249,"column":27}},"22":{"start":{"line":253,"column":8},"end":{"line":253,"column":20}},"23":{"start":{"line":266,"column":8},"end":{"line":266,"column":63}},"24":{"start":{"line":267,"column":8},"end":{"line":267,"column":8358}},"25":{"start":{"line":268,"column":12},"end":{"line":268,"column":20}},"26":{"start":{"line":270,"column":8},"end":{"line":270,"column":44}},"27":{"start":{"line":278,"column":8},"end":{"line":278,"column":36}}},"branchMap":{"1":{"line":65,"type":"if","locations":[{"start":{"line":65,"column":8},"end":{"line":65,"column":8}},{"start":{"line":65,"column":8},"end":{"line":65,"column":8}}]},"2":{"line":72,"type":"if","locations":[{"start":{"line":72,"column":8},"end":{"line":72,"column":8}},{"start":{"line":72,"column":8},"end":{"line":72,"column":8}}]},"3":{"line":72,"type":"cond-expr","locations":[{"start":{"line":72,"column":12},"end":{"line":72,"column":23}},{"start":{"line":72,"column":28},"end":{"line":72,"column":58}}]},"4":{"line":79,"type":"if","locations":[{"start":{"line":79,"column":8},"end":{"line":79,"column":8}},{"start":{"line":79,"column":8},"end":{"line":79,"column":8}}]},"5":{"line":114,"type":"if","locations":[{"start":{"line":114,"column":15},"end":{"line":114,"column":15}},{"start":{"line":114,"column":15},"end":{"line":114,"column":15}}]},"6":{"line":114,"type":"if","locations":[{"start":{"line":114,"column":38},"end":{"line":114,"column":38}},{"start":{"line":114,"column":38},"end":{"line":114,"column":38}}]},"7":{"line":115,"type":"if","locations":[{"start":{"line":115,"column":6},"end":{"line":115,"column":6}},{"start":{"line":115,"column":6},"end":{"line":115,"column":6}}]},"8":{"line":120,"type":"if","locations":[{"start":{"line":120,"column":8},"end":{"line":120,"column":8}},{"start":{"line":120,"column":8},"end":{"line":120,"column":8}}]},"9":{"line":125,"type":"if","locations":[{"start":{"line":125,"column":8},"end":{"line":125,"column":8}},{"start":{"line":125,"column":8},"end":{"line":125,"column":8}}]},"10":{"line":131,"type":"if","locations":[{"start":{"line":131,"column":12},"end":{"line":131,"column":12}},{"start":{"line":131,"column":12},"end":{"line":131,"column":12}}]},"11":{"line":164,"type":"if","locations":[{"start":{"line":164,"column":15},"end":{"line":164,"column":15}},{"start":{"line":164,"column":15},"end":{"line":164,"column":15}}]},"12":{"line":164,"type":"if","locations":[{"start":{"line":164,"column":25},"end":{"line":164,"column":25}},{"start":{"line":164,"column":25},"end":{"line":164,"column":25}}]},"13":{"line":175,"type":"if","locations":[{"start":{"line":175,"column":8},"end":{"line":175,"column":8}},{"start":{"line":175,"column":8},"end":{"line":175,"column":8}}]},"14":{"line":176,"type":"if","locations":[{"start":{"line":176,"column":8},"end":{"line":176,"column":8}},{"start":{"line":176,"column":8},"end":{"line":176,"column":8}}]},"15":{"line":190,"type":"if","locations":[{"start":{"line":190,"column":15},"end":{"line":190,"column":15}},{"start":{"line":190,"column":15},"end":{"line":190,"column":15}}]},"16":{"line":203,"type":"if","locations":[{"start":{"line":203,"column":8},"end":{"line":203,"column":8}},{"start":{"line":203,"column":8},"end":{"line":203,"column":8}}]},"17":{"line":248,"type":"if","locations":[{"start":{"line":248,"column":12},"end":{"line":248,"column":12}},{"start":{"line":248,"column":12},"end":{"line":248,"column":12}}]},"18":{"line":267,"type":"if","locations":[{"start":{"line":267,"column":8},"end":{"line":267,"column":8}},{"start":{"line":267,"column":8},"end":{"line":267,"column":8}}]}}},"contracts\\core\\IroyIPRegistry.sol":{"l":{"69":0,"70":0,"72":0,"76":1,"77":0,"79":1,"83":6,"84":0,"86":6,"94":12,"95":12,"110":13,"111":1,"114":12,"115":1,"118":11,"119":11,"121":11,"131":11,"132":11,"133":11,"135":11,"147":0,"148":0,"160":1,"161":1,"173":13,"174":13,"188":5,"201":0,"214":2,"227":0,"235":0,"242":0,"249":0},"path":"C:\\Users\\vilan\\Desktop\\Iroy\\contracts\\core\\IroyIPRegistry.sol","s":{"1":0,"2":1,"3":6,"4":13,"5":12,"6":11,"7":11,"8":0,"9":1,"10":13,"11":5,"12":0,"13":2,"14":0,"15":0,"16":0,"17":0},"b":{"1":[0,0],"2":[0,1],"3":[0,6],"4":[0,0],"5":[13,0],"6":[13,0],"7":[1,12],"8":[1,11],"9":[0,0],"10":[0,0],"11":[1,0],"12":[1,0],"13":[13,1],"14":[5,0],"15":[0,0],"16":[0,0]},"f":{"1":0,"2":1,"3":6,"4":12,"5":13,"6":0,"7":1,"8":13,"9":5,"10":0,"11":2,"12":0,"13":0,"14":0,"15":0},"fnMap":{"1":{"name":"onlyIPOwner","line":68,"loc":{"start":{"line":68,"column":4},"end":{"line":73,"column":4}}},"2":{"name":"onlyAuthorizedAuditor","line":75,"loc":{"start":{"line":75,"column":4},"end":{"line":80,"column":4}}},"3":{"name":"validIPAsset","line":82,"loc":{"start":{"line":82,"column":4},"end":{"line":87,"column":4}}},"4":{"name":"constructor","line":93,"loc":{"start":{"line":93,"column":4},"end":{"line":96,"column":4}}},"5":{"name":"registerIPAsset","line":109,"loc":{"start":{"line":105,"column":4},"end":{"line":136,"column":4}}},"6":{"name":"updateIPAssetMetadata","line":146,"loc":{"start":{"line":143,"column":4},"end":{"line":149,"column":4}}},"7":{"name":"integrateWithStoryProtocol","line":159,"loc":{"start":{"line":156,"column":4},"end":{"line":162,"column":4}}},"8":{"name":"setAuditorAuthorization","line":172,"loc":{"start":{"line":169,"column":4},"end":{"line":175,"column":4}}},"9":{"name":"getIPAsset","line":185,"loc":{"start":{"line":182,"column":4},"end":{"line":189,"column":4}}},"10":{"name":"getIPAssetIdByHash","line":196,"loc":{"start":{"line":196,"column":4},"end":{"line":202,"column":4}}},"11":{"name":"getIPAssetsByOwner","line":209,"loc":{"start":{"line":209,"column":4},"end":{"line":215,"column":4}}},"12":{"name":"contentHashExists","line":222,"loc":{"start":{"line":222,"column":4},"end":{"line":228,"column":4}}},"13":{"name":"getTotalIPAssets","line":234,"loc":{"start":{"line":234,"column":4},"end":{"line":236,"column":4}}},"14":{"name":"pause","line":241,"loc":{"start":{"line":241,"column":4},"end":{"line":243,"column":4}}},"15":{"name":"unpause","line":248,"loc":{"start":{"line":248,"column":4},"end":{"line":250,"column":4}}}},"statementMap":{"1":{"start":{"line":69,"column":8},"end":{"line":69,"column":2042}},"2":{"start":{"line":76,"column":8},"end":{"line":76,"column":2223}},"3":{"start":{"line":83,"column":8},"end":{"line":83,"column":2428}},"4":{"start":{"line":110,"column":8},"end":{"line":110,"column":3307}},"5":{"start":{"line":114,"column":8},"end":{"line":114,"column":3423}},"6":{"start":{"line":133,"column":8},"end":{"line":133,"column":46}},"7":{"start":{"line":135,"column":8},"end":{"line":135,"column":77}},"8":{"start":{"line":148,"column":8},"end":{"line":148,"column":54}},"9":{"start":{"line":161,"column":8},"end":{"line":161,"column":64}},"10":{"start":{"line":174,"column":8},"end":{"line":174,"column":51}},"11":{"start":{"line":188,"column":8},"end":{"line":188,"column":35}},"12":{"start":{"line":201,"column":8},"end":{"line":201,"column":44}},"13":{"start":{"line":214,"column":8},"end":{"line":214,"column":33}},"14":{"start":{"line":227,"column":8},"end":{"line":227,"column":46}},"15":{"start":{"line":235,"column":8},"end":{"line":235,"column":32}},"16":{"start":{"line":242,"column":8},"end":{"line":242,"column":15}},"17":{"start":{"line":249,"column":8},"end":{"line":249,"column":17}}},"branchMap":{"1":{"line":69,"type":"if","locations":[{"start":{"line":69,"column":8},"end":{"line":69,"column":8}},{"start":{"line":69,"column":8},"end":{"line":69,"column":8}}]},"2":{"line":76,"type":"if","locations":[{"start":{"line":76,"column":8},"end":{"line":76,"column":8}},{"start":{"line":76,"column":8},"end":{"line":76,"column":8}}]},"3":{"line":83,"type":"if","locations":[{"start":{"line":83,"column":8},"end":{"line":83,"column":8}},{"start":{"line":83,"column":8},"end":{"line":83,"column":8}}]},"4":{"line":83,"type":"cond-expr","locations":[{"start":{"line":83,"column":12},"end":{"line":83,"column":25}},{"start":{"line":83,"column":30},"end":{"line":83,"column":58}}]},"5":{"line":109,"type":"if","locations":[{"start":{"line":109,"column":15},"end":{"line":109,"column":15}},{"start":{"line":109,"column":15},"end":{"line":109,"column":15}}]},"6":{"line":109,"type":"if","locations":[{"start":{"line":109,"column":28},"end":{"line":109,"column":28}},{"start":{"line":109,"column":28},"end":{"line":109,"column":28}}]},"7":{"line":110,"type":"if","locations":[{"start":{"line":110,"column":8},"end":{"line":110,"column":8}},{"start":{"line":110,"column":8},"end":{"line":110,"column":8}}]},"8":{"line":114,"type":"if","locations":[{"start":{"line":114,"column":8},"end":{"line":114,"column":8}},{"start":{"line":114,"column":8},"end":{"line":114,"column":8}}]},"9":{"line":146,"type":"if","locations":[{"start":{"line":146,"column":15},"end":{"line":146,"column":15}},{"start":{"line":146,"column":15},"end":{"line":146,"column":15}}]},"10":{"line":146,"type":"if","locations":[{"start":{"line":146,"column":38},"end":{"line":146,"column":38}},{"start":{"line":146,"column":38},"end":{"line":146,"column":38}}]},"11":{"line":159,"type":"if","locations":[{"start":{"line":159,"column":15},"end":{"line":159,"column":15}},{"start":{"line":159,"column":15},"end":{"line":159,"column":15}}]},"12":{"line":159,"type":"if","locations":[{"start":{"line":159,"column":37},"end":{"line":159,"column":37}},{"start":{"line":159,"column":37},"end":{"line":159,"column":37}}]},"13":{"line":172,"type":"if","locations":[{"start":{"line":172,"column":15},"end":{"line":172,"column":15}},{"start":{"line":172,"column":15},"end":{"line":172,"column":15}}]},"14":{"line":185,"type":"if","locations":[{"start":{"line":185,"column":8},"end":{"line":185,"column":8}},{"start":{"line":185,"column":8},"end":{"line":185,"column":8}}]},"15":{"line":241,"type":"if","locations":[{"start":{"line":241,"column":30},"end":{"line":241,"column":30}},{"start":{"line":241,"column":30},"end":{"line":241,"column":30}}]},"16":{"line":248,"type":"if","locations":[{"start":{"line":248,"column":32},"end":{"line":248,"column":32}},{"start":{"line":248,"column":32},"end":{"line":248,"column":32}}]}}},"contracts\\interfaces\\IIroyAuditEngine.sol":{"l":{},"path":"C:\\Users\\vilan\\Desktop\\Iroy\\contracts\\interfaces\\IIroyAuditEngine.sol","s":{},"b":{},"f":{},"fnMap":{},"statementMap":{},"branchMap":{}},"contracts\\interfaces\\IIroyIPRegistry.sol":{"l":{},"path":"C:\\Users\\vilan\\Desktop\\Iroy\\contracts\\interfaces\\IIroyIPRegistry.sol","s":{},"b":{},"f":{},"fnMap":{},"statementMap":{},"branchMap":{}},"contracts\\interfaces\\IStoryProtocol.sol":{"l":{},"path":"C:\\Users\\vilan\\Desktop\\Iroy\\contracts\\interfaces\\IStoryProtocol.sol","s":{},"b":{},"f":{},"fnMap":{},"statementMap":{},"branchMap":{}},"contracts\\libraries\\IroyTypes.sol":{"l":{},"path":"C:\\Users\\vilan\\Desktop\\Iroy\\contracts\\libraries\\IroyTypes.sol","s":{},"b":{},"f":{},"fnMap":{},"statementMap":{},"branchMap":{}},"contracts\\mocks\\MockStoryProtocol.sol":{"l":{},"path":"C:\\Users\\vilan\\Desktop\\Iroy\\contracts\\mocks\\MockStoryProtocol.sol","s":{},"b":{},"f":{},"fnMap":{},"statementMap":{},"branchMap":{}}}